d:\c编程案例\管理系统\管理系统\x64\debug\vc143.pdb
d:\c编程案例\管理系统\管理系统\x64\debug\vc143.idb
d:\c编程案例\管理系统\管理系统\x64\debug\the_head.obj
d:\c编程案例\管理系统\管理系统\x64\debug\one.obj
d:\c编程案例\管理系统\管理系统\x64\debug\method.obj
d:\c编程案例\管理系统\x64\debug\管理系统.pdb
d:\c编程案例\管理系统\管理系统\x64\debug\管理系统.tlog\cl.command.1.tlog
d:\c编程案例\管理系统\管理系统\x64\debug\管理系统.tlog\cl.read.1.tlog
d:\c编程案例\管理系统\管理系统\x64\debug\管理系统.tlog\cl.write.1.tlog
d:\c编程案例\管理系统\管理系统\x64\debug\管理系统.tlog\link-cvtres.read.1.tlog
d:\c编程案例\管理系统\管理系统\x64\debug\管理系统.tlog\link-cvtres.write.1.tlog
d:\c编程案例\管理系统\管理系统\x64\debug\管理系统.tlog\link-rc.read.1.tlog
d:\c编程案例\管理系统\管理系统\x64\debug\管理系统.tlog\link-rc.write.1.tlog
d:\c编程案例\管理系统\管理系统\x64\debug\管理系统.tlog\link.command.1.tlog
d:\c编程案例\管理系统\管理系统\x64\debug\管理系统.tlog\link.read.1.tlog
d:\c编程案例\管理系统\管理系统\x64\debug\管理系统.tlog\link.read.2.tlog
d:\c编程案例\管理系统\管理系统\x64\debug\管理系统.tlog\link.read.3.tlog
d:\c编程案例\管理系统\管理系统\x64\debug\管理系统.tlog\link.read.4.tlog
d:\c编程案例\管理系统\管理系统\x64\debug\管理系统.tlog\link.read.5.tlog
d:\c编程案例\管理系统\管理系统\x64\debug\管理系统.tlog\link.write.1.tlog
